# JRE version: Java(TM) SE Runtime Environment (8.0_301-b09) (build 1.8.0_301-b09)
# Java VM: Java HotSpot(TM) 64-Bit Server VM (25.301-b09 mixed mode windows-amd64 compressed oops)
Heap:
 PSYoungGen      total 321024K, used 57076K [0x000000076b800000, 0x0000000789080000, 0x00000007c0000000)
  eden space 294912K, 12% used [0x000000076b800000,0x000000076dcd0590,0x000000077d800000)
  from space 26112K, 74% used [0x000000077d800000,0x000000077eaecdb0,0x000000077f180000)
  to   space 27648K, 0% used [0x0000000787580000,0x0000000787580000,0x0000000789080000)
 ParOldGen       total 120320K, used 73669K [0x00000006c2800000, 0x00000006c9d80000, 0x000000076b800000)
  object space 120320K, 61% used [0x00000006c2800000,0x00000006c6ff16f8,0x00000006c9d80000)
 Metaspace       used 33772K, capacity 34962K, committed 35200K, reserved 1081344K
  class space    used 3795K, capacity 4127K, committed 4224K, reserved 1048576K
GC Heap History (10 events):
Event: 10.356 GC heap before
{Heap before GC invocations=12 (full 1):
 PSYoungGen      total 156160K, used 134592K [0x000000076b800000, 0x0000000776c00000, 0x00000007c0000000)
  eden space 131584K, 100% used [0x000000076b800000,0x0000000773880000,0x0000000773880000)
  from space 24576K, 12% used [0x0000000775100000,0x00000007753f0070,0x0000000776900000)
  to   space 25088K, 0% used [0x0000000773880000,0x0000000773880000,0x0000000775100000)
 ParOldGen       total 120320K, used 41236K [0x00000006c2800000, 0x00000006c9d80000, 0x000000076b800000)
  object space 120320K, 34% used [0x00000006c2800000,0x00000006c5045040,0x00000006c9d80000)
 Metaspace       used 25572K, capacity 26304K, committed 26368K, reserved 1073152K
  class space    used 2878K, capacity 3053K, committed 3072K, reserved 1048576K
Event: 10.361 GC heap after
Heap after GC invocations=12 (full 1):
 PSYoungGen      total 156672K, used 2464K [0x000000076b800000, 0x000000077ae00000, 0x00000007c0000000)
  eden space 131584K, 0% used [0x000000076b800000,0x000000076b800000,0x0000000773880000)
  from space 25088K, 9% used [0x0000000773880000,0x0000000773ae8030,0x0000000775100000)
  to   space 26112K, 0% used [0x0000000779480000,0x0000000779480000,0x000000077ae00000)
 ParOldGen       total 120320K, used 43964K [0x00000006c2800000, 0x00000006c9d80000, 0x000000076b800000)
  object space 120320K, 36% used [0x00000006c2800000,0x00000006c52ef2c0,0x00000006c9d80000)
 Metaspace       used 25572K, capacity 26304K, committed 26368K, reserved 1073152K
  class space    used 2878K, capacity 3053K, committed 3072K, reserved 1048576K
}
Event: 10.500 GC heap before
{Heap before GC invocations=13 (full 1):
 PSYoungGen      total 156672K, used 134048K [0x000000076b800000, 0x000000077ae00000, 0x00000007c0000000)
  eden space 131584K, 100% used [0x000000076b800000,0x0000000773880000,0x0000000773880000)
  from space 25088K, 9% used [0x0000000773880000,0x0000000773ae8030,0x0000000775100000)
  to   space 26112K, 0% used [0x0000000779480000,0x0000000779480000,0x000000077ae00000)
 ParOldGen       total 120320K, used 43964K [0x00000006c2800000, 0x00000006c9d80000, 0x000000076b800000)
  object space 120320K, 36% used [0x00000006c2800000,0x00000006c52ef2c0,0x00000006c9d80000)
 Metaspace       used 25591K, capacity 26304K, committed 26368K, reserved 1073152K
  class space    used 2878K, capacity 3053K, committed 3072K, reserved 1048576K
Event: 10.506 GC heap after
Heap after GC invocations=13 (full 1):
 PSYoungGen      total 225792K, used 1648K [0x000000076b800000, 0x000000077ae00000, 0x00000007c0000000)
  eden space 199680K, 0% used [0x000000076b800000,0x000000076b800000,0x0000000777b00000)
  from space 26112K, 6% used [0x0000000779480000,0x000000077961c030,0x000000077ae00000)
  to   space 26112K, 0% used [0x0000000777b00000,0x0000000777b00000,0x0000000779480000)
 ParOldGen       total 120320K, used 46349K [0x00000006c2800000, 0x00000006c9d80000, 0x000000076b800000)
  object space 120320K, 38% used [0x00000006c2800000,0x00000006c5543530,0x00000006c9d80000)
 Metaspace       used 25591K, capacity 26304K, committed 26368K, reserved 1073152K
  class space    used 2878K, capacity 3053K, committed 3072K, reserved 1048576K
}
Event: 11.914 GC heap before
{Heap before GC invocations=14 (full 1):
 PSYoungGen      total 225792K, used 201328K [0x000000076b800000, 0x000000077ae00000, 0x00000007c0000000)
  eden space 199680K, 100% used [0x000000076b800000,0x0000000777b00000,0x0000000777b00000)
  from space 26112K, 6% used [0x0000000779480000,0x000000077961c030,0x000000077ae00000)
  to   space 26112K, 0% used [0x0000000777b00000,0x0000000777b00000,0x0000000779480000)
 ParOldGen       total 120320K, used 46349K [0x00000006c2800000, 0x00000006c9d80000, 0x000000076b800000)
  object space 120320K, 38% used [0x00000006c2800000,0x00000006c5543530,0x00000006c9d80000)
 Metaspace       used 27179K, capacity 28058K, committed 28160K, reserved 1075200K
  class space    used 3067K, capacity 3298K, committed 3328K, reserved 1048576K
Event: 11.927 GC heap after
Heap after GC invocations=14 (full 1):
 PSYoungGen      total 225792K, used 15669K [0x000000076b800000, 0x0000000781000000, 0x00000007c0000000)
  eden space 199680K, 0% used [0x000000076b800000,0x000000076b800000,0x0000000777b00000)
  from space 26112K, 60% used [0x0000000777b00000,0x0000000778a4d780,0x0000000779480000)
  to   space 26624K, 0% used [0x000000077f600000,0x000000077f600000,0x0000000781000000)
 ParOldGen       total 120320K, used 47885K [0x00000006c2800000, 0x00000006c9d80000, 0x000000076b800000)
  object space 120320K, 39% used [0x00000006c2800000,0x00000006c56c3630,0x00000006c9d80000)
 Metaspace       used 27179K, capacity 28058K, committed 28160K, reserved 1075200K
  class space    used 3067K, capacity 3298K, committed 3328K, reserved 1048576K
}
Event: 14.171 GC heap before
{Heap before GC invocations=15 (full 1):
 PSYoungGen      total 225792K, used 215349K [0x000000076b800000, 0x0000000781000000, 0x00000007c0000000)
  eden space 199680K, 100% used [0x000000076b800000,0x0000000777b00000,0x0000000777b00000)
  from space 26112K, 60% used [0x0000000777b00000,0x0000000778a4d780,0x0000000779480000)
  to   space 26624K, 0% used [0x000000077f600000,0x000000077f600000,0x0000000781000000)
 ParOldGen       total 120320K, used 47885K [0x00000006c2800000, 0x00000006c9d80000, 0x000000076b800000)
  object space 120320K, 39% used [0x00000006c2800000,0x00000006c56c3630,0x00000006c9d80000)
 Metaspace       used 29483K, capacity 30554K, committed 30720K, reserved 1077248K
  class space    used 3278K, capacity 3490K, committed 3584K, reserved 1048576K
Event: 14.186 GC heap after
Heap after GC invocations=15 (full 1):
 PSYoungGen      total 316416K, used 14128K [0x000000076b800000, 0x0000000780b00000, 0x00000007c0000000)
  eden space 294912K, 0% used [0x000000076b800000,0x000000076b800000,0x000000077d800000)
  from space 21504K, 65% used [0x000000077f600000,0x00000007803cc278,0x0000000780b00000)
  to   space 26112K, 0% used [0x000000077d800000,0x000000077d800000,0x000000077f180000)
 ParOldGen       total 120320K, used 63213K [0x00000006c2800000, 0x00000006c9d80000, 0x000000076b800000)
  object space 120320K, 52% used [0x00000006c2800000,0x00000006c65bb4d0,0x00000006c9d80000)
 Metaspace       used 29483K, capacity 30554K, committed 30720K, reserved 1077248K
  class space    used 3278K, capacity 3490K, committed 3584K, reserved 1048576K
}
Event: 20.921 GC heap before
{Heap before GC invocations=16 (full 1):
 PSYoungGen      total 316416K, used 309040K [0x000000076b800000, 0x0000000780b00000, 0x00000007c0000000)
  eden space 294912K, 100% used [0x000000076b800000,0x000000077d800000,0x000000077d800000)
  from space 21504K, 65% used [0x000000077f600000,0x00000007803cc278,0x0000000780b00000)
  to   space 26112K, 0% used [0x000000077d800000,0x000000077d800000,0x000000077f180000)
 ParOldGen       total 120320K, used 63213K [0x00000006c2800000, 0x00000006c9d80000, 0x000000076b800000)
  object space 120320K, 52% used [0x00000006c2800000,0x00000006c65bb4d0,0x00000006c9d80000)
 Metaspace       used 33753K, capacity 34962K, committed 35200K, reserved 1081344K
  class space    used 3795K, capacity 4127K, committed 4224K, reserved 1048576K
Event: 20.947 GC heap after
Heap after GC invocations=16 (full 1):
 PSYoungGen      total 321024K, used 19379K [0x000000076b800000, 0x0000000789080000, 0x00000007c0000000)
  eden space 294912K, 0% used [0x000000076b800000,0x000000076b800000,0x000000077d800000)
  from space 26112K, 74% used [0x000000077d800000,0x000000077eaecdb0,0x000000077f180000)
  to   space 27648K, 0% used [0x0000000787580000,0x0000000787580000,0x0000000789080000)
 ParOldGen       total 120320K, used 73669K [0x00000006c2800000, 0x00000006c9d80000, 0x000000076b800000)
  object space 120320K, 61% used [0x00000006c2800000,0x00000006c6ff16f8,0x00000006c9d80000)
 Metaspace       used 33753K, capacity 34962K, committed 35200K, reserved 1081344K
  class space    used 3795K, capacity 4127K, committed 4224K, reserved 1048576K
}

